<?xml version="1.0" encoding="utf-8"?><testsuites name="pytest tests"><testsuite name="pytest" errors="0" failures="0" skipped="0" tests="38" time="8.159" timestamp="2026-06-09T19:08:58.850932+00:00" hostname="agent-env-eb924316-e10f-470c-af3f-286732cfdffa"><testcase classname="backend.tests.test_contact_event_attachment.TestContactEventAttachment" name="test_post_with_valid_event_id_persists_and_resolves_title" time="0.874" /><testcase classname="backend.tests.test_contact_event_attachment.TestContactEventAttachment" name="test_post_with_null_event_id" time="0.198" /><testcase classname="backend.tests.test_contact_event_attachment.TestContactEventAttachment" name="test_post_with_empty_string_event_id" time="0.196" /><testcase classname="backend.tests.test_contact_event_attachment.TestContactEventAttachment" name="test_post_with_invalid_event_id_silently_drops" time="0.201" /><testcase classname="backend.tests.test_contact_event_attachment.TestContactEventAttachment" name="test_post_without_event_id_field" time="0.240" /><testcase classname="backend.tests.test_event_detail_notes.TestGetSingleEvent" name="test_single_event_no_id_leak" time="0.203" /><testcase classname="backend.tests.test_event_detail_notes.TestGetSingleEvent" name="test_unknown_event_404" time="0.051" /><testcase classname="backend.tests.test_event_detail_notes.TestEventNotes" name="test_get_notes_public_returns_array" time="0.051" /><testcase classname="backend.tests.test_event_detail_notes.TestEventNotes" name="test_post_note_without_token_401" time="0.057" /><testcase classname="backend.tests.test_event_detail_notes.TestEventNotes" name="test_full_note_lifecycle_create_list_delete" time="0.575" /><testcase classname="backend.tests.test_event_detail_notes.TestScheduleAdmin" name="test_update_event_returns_updated_record" time="0.246" /><testcase classname="backend.tests.test_event_detail_notes.TestScheduleAdmin" name="test_delete_event_cascades_notes" time="0.336" /><testcase classname="backend.tests.test_event_detail_notes.TestScheduleAdmin" name="test_put_without_token_401" time="0.055" /><testcase classname="backend.tests.test_feed_and_contact.TestFeed" name="test_feed_returns_array_and_no_id_leak" time="0.113" /><testcase classname="backend.tests.test_feed_and_contact.TestFeed" name="test_feed_sorted_desc_by_created_at" time="0.048" /><testcase classname="backend.tests.test_feed_and_contact.TestFeed" name="test_feed_includes_event_note_with_event_title" time="0.564" /><testcase classname="backend.tests.test_feed_and_contact.TestContactPublicCreate" name="test_create_contact_ok" time="0.053" /><testcase classname="backend.tests.test_feed_and_contact.TestContactPublicCreate" name="test_create_contact_missing_message_400" time="0.066" /><testcase classname="backend.tests.test_feed_and_contact.TestContactPublicCreate" name="test_create_contact_missing_name_400" time="0.055" /><testcase classname="backend.tests.test_feed_and_contact.TestContactPublicCreate" name="test_create_contact_missing_subject_400" time="0.050" /><testcase classname="backend.tests.test_feed_and_contact.TestContactAdminInbox" name="test_list_contact_requires_auth" time="0.052" /><testcase classname="backend.tests.test_feed_and_contact.TestContactAdminInbox" name="test_full_inbox_lifecycle" time="0.541" /><testcase classname="backend.tests.test_setp_api.TestPublic" name="test_schedule_returns_35_plus_items" time="0.129" /><testcase classname="backend.tests.test_setp_api.TestPublic" name="test_schedule_sorted" time="0.118" /><testcase classname="backend.tests.test_setp_api.TestPublic" name="test_messages_seeded_welcome" time="0.064" /><testcase classname="backend.tests.test_setp_api.TestPublic" name="test_city_guide" time="0.066" /><testcase classname="backend.tests.test_setp_api.TestAuth" name="test_login_ok" time="0.292" /><testcase classname="backend.tests.test_setp_api.TestAuth" name="test_login_wrong_password" time="0.288" /><testcase classname="backend.tests.test_setp_api.TestAuth" name="test_login_unknown_user" time="0.068" /><testcase classname="backend.tests.test_setp_api.TestAuth" name="test_me_with_token" time="0.356" /><testcase classname="backend.tests.test_setp_api.TestAuth" name="test_me_without_token" time="0.062" /><testcase classname="backend.tests.test_setp_api.TestAuth" name="test_all_three_admins_login" time="0.863" /><testcase classname="backend.tests.test_setp_api.TestMessages" name="test_post_message_requires_auth" time="0.068" /><testcase classname="backend.tests.test_setp_api.TestMessages" name="test_create_and_list_message_top" time="0.269" /><testcase classname="backend.tests.test_setp_api.TestMessages" name="test_delete_message_requires_auth" time="0.067" /><testcase classname="backend.tests.test_setp_api.TestMessages" name="test_delete_unknown_message" time="0.065" /><testcase classname="backend.tests.test_setp_api.TestScheduleCRUD" name="test_create_session_requires_auth" time="0.074" /><testcase classname="backend.tests.test_setp_api.TestScheduleCRUD" name="test_create_update_delete_session" time="0.391" /></testsuite></testsuites>