<?xml version="1.0" encoding="utf-8"?><testsuites name="pytest tests"><testsuite name="pytest" errors="0" failures="0" skipped="0" tests="8" time="2.307" timestamp="2026-06-09T18:27:34.155780+00:00" hostname="agent-env-eb924316-e10f-470c-af3f-286732cfdffa"><testcase classname="backend.tests.test_event_detail_notes.TestGetSingleEvent" name="test_single_event_no_id_leak" time="0.384" /><testcase classname="backend.tests.test_event_detail_notes.TestGetSingleEvent" name="test_unknown_event_404" time="0.079" /><testcase classname="backend.tests.test_event_detail_notes.TestEventNotes" name="test_get_notes_public_returns_array" time="0.075" /><testcase classname="backend.tests.test_event_detail_notes.TestEventNotes" name="test_post_note_without_token_401" time="0.070" /><testcase classname="backend.tests.test_event_detail_notes.TestEventNotes" name="test_full_note_lifecycle_create_list_delete" time="0.720" /><testcase classname="backend.tests.test_event_detail_notes.TestScheduleAdmin" name="test_update_event_returns_updated_record" time="0.298" /><testcase classname="backend.tests.test_event_detail_notes.TestScheduleAdmin" name="test_delete_event_cascades_notes" time="0.477" /><testcase classname="backend.tests.test_event_detail_notes.TestScheduleAdmin" name="test_put_without_token_401" time="0.071" /></testsuite></testsuites>