<?xml version="1.0" encoding="utf-8"?><testsuites name="pytest tests"><testsuite name="pytest" errors="0" failures="0" skipped="0" tests="16" time="3.274" timestamp="2026-06-09T17:27:27.119957+00:00" hostname="agent-env-eb924316-e10f-470c-af3f-286732cfdffa"><testcase classname="backend.tests.test_setp_api.TestPublic" name="test_schedule_returns_35_plus_items" time="0.328" /><testcase classname="backend.tests.test_setp_api.TestPublic" name="test_schedule_sorted" time="0.059" /><testcase classname="backend.tests.test_setp_api.TestPublic" name="test_messages_seeded_welcome" time="0.056" /><testcase classname="backend.tests.test_setp_api.TestPublic" name="test_city_guide" time="0.054" /><testcase classname="backend.tests.test_setp_api.TestAuth" name="test_login_ok" time="0.307" /><testcase classname="backend.tests.test_setp_api.TestAuth" name="test_login_wrong_password" time="0.274" /><testcase classname="backend.tests.test_setp_api.TestAuth" name="test_login_unknown_user" time="0.059" /><testcase classname="backend.tests.test_setp_api.TestAuth" name="test_me_with_token" time="0.333" /><testcase classname="backend.tests.test_setp_api.TestAuth" name="test_me_without_token" time="0.051" /><testcase classname="backend.tests.test_setp_api.TestAuth" name="test_all_three_admins_login" time="0.828" /><testcase classname="backend.tests.test_setp_api.TestMessages" name="test_post_message_requires_auth" time="0.054" /><testcase classname="backend.tests.test_setp_api.TestMessages" name="test_create_and_list_message_top" time="0.226" /><testcase classname="backend.tests.test_setp_api.TestMessages" name="test_delete_message_requires_auth" time="0.056" /><testcase classname="backend.tests.test_setp_api.TestMessages" name="test_delete_unknown_message" time="0.058" /><testcase classname="backend.tests.test_setp_api.TestScheduleCRUD" name="test_create_session_requires_auth" time="0.062" /><testcase classname="backend.tests.test_setp_api.TestScheduleCRUD" name="test_create_update_delete_session" time="0.290" /></testsuite></testsuites>